<?xml version="1.0" encoding="UTF-8"?>
<!-- Generated by org.testng.reporters.JUnitReportReporter -->
<testsuite hostname="MAVCHN1121165" failures="0" tests="1" name="com.netbanking.testCases.TC_LoginTest_001" time="21.980" errors="0" timestamp="2024-07-17T14:24:10 IST" skipped="0">
  <testcase classname="com.netbanking.testCases.TC_LoginTest_001" name="loginTest" time="21.980"/>
  <system-out/>
</testsuite> <!-- com.netbanking.testCases.TC_LoginTest_001 -->
