<?xml version="1.0" encoding="UTF-8"?>
<!-- Generated by org.testng.reporters.JUnitReportReporter -->
<testsuite hostname="MAVCHN1121165" failures="0" tests="1" name="com.netbanking.testCases.TC_LoginTest_001" time="5.159" errors="0" timestamp="2024-07-18T13:46:50 IST" skipped="0">
  <testcase classname="com.netbanking.testCases.TC_LoginTest_001" name="loginTest" time="5.159"/>
</testsuite> <!-- com.netbanking.testCases.TC_LoginTest_001 -->
